<?xml version="1.0" encoding="UTF-8"?>
<testsuite xmlns:xsi="http://www.w3.org/2001/XMLSchema-instance" xsi:noNamespaceSchemaLocation="https://maven.apache.org/surefire/maven-surefire-plugin/xsd/surefire-test-report.xsd" version="3.0.1" name="TestSuite" time="249.213" tests="14" errors="0" skipped="0" failures="0">
  <properties>
[...]
</properties>
  <testcase name="runScenario[&quot;Verify Contact Us page displays contact information and icons&quot;, &quot;Optional[Validate Contact Us Page]&quot;](1)" classname="TestRunner.MyTestRunner" time="9.419">
    <system-out><![CDATA[
Scenario: Verify Contact Us page displays contact information and icons # src/test/resources/Features/contactUs.feature:3
Browser launched before scenario
Opened Contact Us page ✅
  Given the user opens the Contact Us page                              # StepDefinitions.ContactUsSteps.the_user_opens_the_contact_us_page()
Contact section contains expected text ✅
  Then the contact section should contain "CONTACT US WITH EASE"        # StepDefinitions.ContactUsSteps.the_contact_section_should_contain(java.lang.String)
Address icon is visible
  And the address icon must be visible                                  # StepDefinitions.ContactUsSteps.the_address_icon_must_be_visible()
Call Us icon is visible 
  And the call us icon must be visible                                  # StepDefinitions.ContactUsSteps.the_call_us_icon_must_be_visible()
Fax icon is visible ✅
  And the fax icon must be visible                                      # StepDefinitions.ContactUsSteps.the_fax_icon_must_be_visible()
Email icon is visible
  And the email icon must be visible                                    # StepDefinitions.ContactUsSteps.the_email_icon_must_be_visible()
Browser closed after the scenario
]]></system-out>
    <system-err><![CDATA[SLF4J: Failed to load class "org.slf4j.impl.StaticLoggerBinder".
SLF4J: Defaulting to no-operation (NOP) logger implementation
SLF4J: See http://www.slf4j.org/codes.html#StaticLoggerBinder for further details.
Sep 09, 2025 1:31:35 AM org.openqa.selenium.devtools.CdpVersionFinder findNearestMatch
WARNING: Unable to find an exact match for CDP version 139, returning the closest version; found: 135; Please update to a Selenium version that supports CDP version 139
Sep 09, 2025 1:31:37 AM org.openqa.selenium.devtools.CdpVersionFinder findNearestMatch
WARNING: Unable to find an exact match for CDP version 139, returning the closest version; found: 135; Please update to a Selenium version that supports CDP version 139
]]></system-err>
  </testcase>
  <testcase name="runScenario[&quot;Verify Google Maps is embedded on Contact Us page&quot;, &quot;Optional[Validate Contact Us Page]&quot;](2)" classname="TestRunner.MyTestRunner" time="15.491">
    <system-out><![CDATA[
Scenario: Verify Google Maps is embedded on Contact Us page # src/test/resources/Features/contactUs.feature:10
Browser launched before scenario
Opened Contact Us page ✅
  Given the user opens the Contact Us page                  # StepDefinitions.ContactUsSteps.the_user_opens_the_contact_us_page()
Google Maps iframe is visible
All Contact Us validations successfully done
  Then the Google Maps iframe should be visible             # StepDefinitions.ContactUsSteps.the_google_maps_iframe_should_be_visible()
Browser closed after the scenario
]]></system-out>
    <system-err><![CDATA[Sep 09, 2025 1:31:43 AM org.openqa.selenium.devtools.CdpVersionFinder findNearestMatch
WARNING: Unable to find an exact match for CDP version 139, returning the closest version; found: 135; Please update to a Selenium version that supports CDP version 139
Sep 09, 2025 1:31:45 AM org.openqa.selenium.devtools.CdpVersionFinder findNearestMatch
WARNING: Unable to find an exact match for CDP version 139, returning the closest version; found: 135; Please update to a Selenium version that supports CDP version 139
]]></system-err>
  </testcase>
  <testcase name="runScenario[&quot;Registration attempt with valid credentials&quot;, &quot;Optional[Home page and Account flows]&quot;](3)" classname="TestRunner.MyTestRunner" time="21.422">
    <system-out><![CDATA[
@registration @smoke
Scenario Outline: Registration attempt with valid credentials                                                                     # src/test/resources/Features/home.feature:18
Browser launched before scenario
  Given the site base URL is "https://westfloridaahec.org"                                                                        # StepDefinitions.CapstoneHomePageSteps.the_site_base_url_is(java.lang.String)
  Given the user navigates to the "My Account" page                                                                               # StepDefinitions.CapstoneHomePageSteps.the_user_navigates_to_the_page(java.lang.String)
  When the user fills the registration form with username "Jyotirmay", email "jyotirmaypanja@gmail.com" and password "Jyoti@2020" # StepDefinitions.CapstoneHomePageSteps.the_user_fills_the_registration_form_with_username_email_and_password(java.lang.String,java.lang.String,java.lang.String)
Register clicked? true
  And the user clicks the Register button                                                                                         # StepDefinitions.CapstoneHomePageSteps.the_user_clicks_the_register_button()
Recorded registration credentials -> username: Jyotirmay, email: jyotirmaypanja@gmail.com
  Then the registration attempt should be recorded (success or graceful failure allowed)                                          # StepDefinitions.CapstoneHomePageSteps.the_registration_attempt_should_be_recorded_success_or_graceful_failure_allowed()
Browser closed after the scenario
]]></system-out>
    <system-err><![CDATA[Sep 09, 2025 1:31:59 AM org.openqa.selenium.devtools.CdpVersionFinder findNearestMatch
WARNING: Unable to find an exact match for CDP version 139, returning the closest version; found: 135; Please update to a Selenium version that supports CDP version 139
]]></system-err>
  </testcase>
  <testcase name="runScenario[&quot;Login attempt using previously-registered or fallback credentials&quot;, &quot;Optional[Home page and Account flows]&quot;](4)" classname="TestRunner.MyTestRunner" time="56.841">
    <system-out><![CDATA[
@login
Scenario Outline: Login attempt using previously-registered or fallback credentials               # src/test/resources/Features/home.feature:30
Browser launched before scenario
  Given the site base URL is "https://westfloridaahec.org"                                        # StepDefinitions.CapstoneHomePageSteps.the_site_base_url_is(java.lang.String)
  Given the user navigates to the "My Account" page                                               # StepDefinitions.CapstoneHomePageSteps.the_user_navigates_to_the_page(java.lang.String)
  When the user logs in with username_or_email "nietsiddhant@gmail.com" and password "JBLMAC@123" # StepDefinitions.CapstoneHomePageSteps.the_user_logs_in_with_username_or_email_and_password(java.lang.String,java.lang.String)
Login attempt recorded. Logged-in indicator: true
  Then the login attempt should be recorded (logged-in indicator or graceful failure)             # StepDefinitions.CapstoneHomePageSteps.the_login_attempt_should_be_recorded_logged_in_indicator_or_graceful_failure()
Browser closed after the scenario
]]></system-out>
    <system-err><![CDATA[Sep 09, 2025 1:32:20 AM org.openqa.selenium.devtools.CdpVersionFinder findNearestMatch
WARNING: Unable to find an exact match for CDP version 139, returning the closest version; found: 135; Please update to a Selenium version that supports CDP version 139
]]></system-err>
  </testcase>
  <testcase name="runScenario[&quot;Login attempt using previously-registered or fallback credentials&quot;, &quot;Optional[Home page and Account flows]&quot;](5)" classname="TestRunner.MyTestRunner" time="29.673">
    <system-out><![CDATA[
@login
Scenario Outline: Login attempt using previously-registered or fallback credentials                 # src/test/resources/Features/home.feature:31
Browser launched before scenario
  Given the site base URL is "https://westfloridaahec.org"                                          # StepDefinitions.CapstoneHomePageSteps.the_site_base_url_is(java.lang.String)
  Given the user navigates to the "My Account" page                                                 # StepDefinitions.CapstoneHomePageSteps.the_user_navigates_to_the_page(java.lang.String)
  When the user logs in with username_or_email "jyotirmaypanja@gmail.com" and password "Jyoti@2020" # StepDefinitions.CapstoneHomePageSteps.the_user_logs_in_with_username_or_email_and_password(java.lang.String,java.lang.String)
Login attempt recorded. Logged-in indicator: true
  Then the login attempt should be recorded (logged-in indicator or graceful failure)               # StepDefinitions.CapstoneHomePageSteps.the_login_attempt_should_be_recorded_logged_in_indicator_or_graceful_failure()
Browser closed after the scenario
]]></system-out>
    <system-err><![CDATA[Sep 09, 2025 1:33:17 AM org.openqa.selenium.devtools.CdpVersionFinder findNearestMatch
WARNING: Unable to find an exact match for CDP version 139, returning the closest version; found: 135; Please update to a Selenium version that supports CDP version 139
]]></system-err>
  </testcase>
  <testcase name="runScenario[&quot;Home page basic verification&quot;, &quot;Optional[Home page and Account flows]&quot;](6)" classname="TestRunner.MyTestRunner" time="11.13">
    <system-out><![CDATA[
@homebasic
Scenario: Home page basic verification                     # src/test/resources/Features/home.feature:34
Browser launched before scenario
  Given the site base URL is "https://westfloridaahec.org" # StepDefinitions.CapstoneHomePageSteps.the_site_base_url_is(java.lang.String)
  Given the user is on the Home page                       # StepDefinitions.CapstoneHomePageSteps.the_user_is_on_the_home_page()
  Then the navigation menu should be present               # StepDefinitions.CapstoneHomePageSteps.the_navigation_menu_should_be_present()
  And the search input should be present                   # StepDefinitions.CapstoneHomePageSteps.the_search_input_should_be_present()
Browser closed after the scenario
]]></system-out>
    <system-err><![CDATA[Sep 09, 2025 1:33:47 AM org.openqa.selenium.devtools.CdpVersionFinder findNearestMatch
WARNING: Unable to find an exact match for CDP version 139, returning the closest version; found: 135; Please update to a Selenium version that supports CDP version 139
]]></system-err>
  </testcase>
  <testcase name="runScenario[&quot;Hovering Programs menu shows sub-links&quot;, &quot;Optional[Home page and Account flows]&quot;](7)" classname="TestRunner.MyTestRunner" time="16.049">
    <system-out><![CDATA[
@hover @navigation
Scenario: Hovering Programs menu shows sub-links           # src/test/resources/Features/home.feature:40
Browser launched before scenario
  Given the site base URL is "https://westfloridaahec.org" # StepDefinitions.CapstoneHomePageSteps.the_site_base_url_is(java.lang.String)
  Given the user is on the Home page                       # StepDefinitions.CapstoneHomePageSteps.the_user_is_on_the_home_page()
  When the user hovers over the "Programs" menu            # StepDefinitions.CapstoneHomePageSteps.the_user_hovers_over_the_menu(java.lang.String)
  Then the "Tobacco" link should be visible under Programs # StepDefinitions.CapstoneHomePageSteps.the_link_should_be_visible_under_programs(java.lang.String)
Browser closed after the scenario
]]></system-out>
    <system-err><![CDATA[Sep 09, 2025 1:33:58 AM org.openqa.selenium.devtools.CdpVersionFinder findNearestMatch
WARNING: Unable to find an exact match for CDP version 139, returning the closest version; found: 135; Please update to a Selenium version that supports CDP version 139
]]></system-err>
  </testcase>
  <testcase name="runScenario[&quot;Health programs are listed under Programs&quot;, &quot;Optional[Home page and Account flows]&quot;](8)" classname="TestRunner.MyTestRunner" time="6.318">
    <system-out><![CDATA[
@programs
Scenario: Health programs are listed under Programs        # src/test/resources/Features/home.feature:46
Browser launched before scenario
  Given the site base URL is "https://westfloridaahec.org" # StepDefinitions.CapstoneHomePageSteps.the_site_base_url_is(java.lang.String)
  Given the user is on the Home page                       # StepDefinitions.CapstoneHomePageSteps.the_user_is_on_the_home_page()
  When the user expands the Programs menu                  # StepDefinitions.CapstoneHomePageSteps.the_user_expands_the_programs_menu()
  Then the following program links should be visible:      # StepDefinitions.CapstoneHomePageSteps.the_following_program_links_should_be_visible(io.cucumber.datatable.DataTable)
Browser closed after the scenario
]]></system-out>
    <system-err><![CDATA[Sep 09, 2025 1:34:14 AM org.openqa.selenium.devtools.CdpVersionFinder findNearestMatch
WARNING: Unable to find an exact match for CDP version 139, returning the closest version; found: 135; Please update to a Selenium version that supports CDP version 139
]]></system-err>
  </testcase>
  <testcase name="runScenario[&quot;At least one expected resource link is present on Home page&quot;, &quot;Optional[Home page and Account flows]&quot;](9)" classname="TestRunner.MyTestRunner" time="7.276">
    <system-out><![CDATA[
@resources
Scenario: At least one expected resource link is present on Home page # src/test/resources/Features/home.feature:56
Browser launched before scenario
  Given the site base URL is "https://westfloridaahec.org"            # StepDefinitions.CapstoneHomePageSteps.the_site_base_url_is(java.lang.String)
  Given the user is on the Home page                                  # StepDefinitions.CapstoneHomePageSteps.the_user_is_on_the_home_page()
  Then at least one resource link from the list should be visible:    # StepDefinitions.CapstoneHomePageSteps.at_least_one_resource_link_from_the_list_should_be_visible(io.cucumber.datatable.DataTable)
Browser closed after the scenario
]]></system-out>
    <system-err><![CDATA[Sep 09, 2025 1:34:20 AM org.openqa.selenium.devtools.CdpVersionFinder findNearestMatch
WARNING: Unable to find an exact match for CDP version 139, returning the closest version; found: 135; Please update to a Selenium version that supports CDP version 139
]]></system-err>
  </testcase>
  <testcase name="runScenario[&quot;Search returns results for a query&quot;, &quot;Optional[Home page and Account flows]&quot;](10)" classname="TestRunner.MyTestRunner" time="21.625">
    <system-out><![CDATA[
@search
Scenario: Search returns results for a query                # src/test/resources/Features/home.feature:66
Browser launched before scenario
  Given the site base URL is "https://westfloridaahec.org"  # StepDefinitions.CapstoneHomePageSteps.the_site_base_url_is(java.lang.String)
  Given the user is on the Home page                        # StepDefinitions.CapstoneHomePageSteps.the_user_is_on_the_home_page()
  When the user searches for "tobacco"                      # StepDefinitions.CapstoneHomePageSteps.the_user_searches_for(java.lang.String)
  Then the search results should contain the term "tobacco" # StepDefinitions.CapstoneHomePageSteps.the_search_results_should_contain_the_term(java.lang.String)
Browser closed after the scenario
]]></system-out>
    <system-err><![CDATA[Sep 09, 2025 1:34:27 AM org.openqa.selenium.devtools.CdpVersionFinder findNearestMatch
WARNING: Unable to find an exact match for CDP version 139, returning the closest version; found: 135; Please update to a Selenium version that supports CDP version 139
]]></system-err>
  </testcase>
  <testcase name="runScenario[&quot;Navigate to Tobacco Program&quot;, &quot;Optional[Verify Health Programs navigation]&quot;](11)" classname="TestRunner.MyTestRunner" time="7.624">
    <system-out><![CDATA[
Scenario: Navigate to Tobacco Program                # src/test/resources/Features/programs.feature:3
Browser launched before scenario
  Given user opens to homepage for programs          # StepDefinitions.ProgramsSteps.user_opens_to_homepage_for_programs()
  When user navigate to "Tobacco"                    # StepDefinitions.ProgramsSteps.user_navigate_to(java.lang.String)
  Then "Tobacco" program content should be displayed # StepDefinitions.ProgramsSteps.program_content_should_be_displayed(java.lang.String)
Browser closed after the scenario
]]></system-out>
    <system-err><![CDATA[Sep 09, 2025 1:34:49 AM org.openqa.selenium.devtools.CdpVersionFinder findNearestMatch
WARNING: Unable to find an exact match for CDP version 139, returning the closest version; found: 135; Please update to a Selenium version that supports CDP version 139
Sep 09, 2025 1:34:50 AM org.openqa.selenium.devtools.CdpVersionFinder findNearestMatch
WARNING: Unable to find an exact match for CDP version 139, returning the closest version; found: 135; Please update to a Selenium version that supports CDP version 139
]]></system-err>
  </testcase>
  <testcase name="runScenario[&quot;Navigate to AHEC Scholars Program&quot;, &quot;Optional[Verify Health Programs navigation]&quot;](12)" classname="TestRunner.MyTestRunner" time="10.528">
    <system-out><![CDATA[
Scenario: Navigate to AHEC Scholars Program                # src/test/resources/Features/programs.feature:10
Browser launched before scenario
  Given user opens the homepage for programs               # StepDefinitions.ProgramsSteps.user_opens_the_homepage_for_programs()
  When user hovers on Programs and clicks "AHEC Scholars"  # StepDefinitions.ProgramsSteps.user_hovers_on_programs_and_clicks(java.lang.String)
  Then "AHEC Scholars" program content should be displayed # StepDefinitions.ProgramsSteps.program_content_should_be_displayed(java.lang.String)
Browser closed after the scenario
]]></system-out>
    <system-err><![CDATA[Sep 09, 2025 1:34:57 AM org.openqa.selenium.devtools.CdpVersionFinder findNearestMatch
WARNING: Unable to find an exact match for CDP version 139, returning the closest version; found: 135; Please update to a Selenium version that supports CDP version 139
Sep 09, 2025 1:34:58 AM org.openqa.selenium.devtools.CdpVersionFinder findNearestMatch
WARNING: Unable to find an exact match for CDP version 139, returning the closest version; found: 135; Please update to a Selenium version that supports CDP version 139
]]></system-err>
  </testcase>
  <testcase name="runScenario[&quot;Navigate to Healthy Aging Program&quot;, &quot;Optional[Verify Health Programs navigation]&quot;](13)" classname="TestRunner.MyTestRunner" time="18.522">
    <system-out><![CDATA[
Scenario: Navigate to Healthy Aging Program                # src/test/resources/Features/programs.feature:15
Browser launched before scenario
  Given user opens the homepage for programs               # StepDefinitions.ProgramsSteps.user_opens_the_homepage_for_programs()
  When user hovers on Programs and clicks "Healthy Aging"  # StepDefinitions.ProgramsSteps.user_hovers_on_programs_and_clicks(java.lang.String)
  Then "Healthy Aging" program content should be displayed # StepDefinitions.ProgramsSteps.program_content_should_be_displayed(java.lang.String)
Browser closed after the scenario
]]></system-out>
    <system-err><![CDATA[Sep 09, 2025 1:35:07 AM org.openqa.selenium.devtools.CdpVersionFinder findNearestMatch
WARNING: Unable to find an exact match for CDP version 139, returning the closest version; found: 135; Please update to a Selenium version that supports CDP version 139
Sep 09, 2025 1:35:09 AM org.openqa.selenium.devtools.CdpVersionFinder findNearestMatch
WARNING: Unable to find an exact match for CDP version 139, returning the closest version; found: 135; Please update to a Selenium version that supports CDP version 139
]]></system-err>
  </testcase>
  <testcase name="runScenario[&quot;Navigate to Covering Florida Program&quot;, &quot;Optional[Verify Health Programs navigation]&quot;](14)" classname="TestRunner.MyTestRunner" time="12.445">
    <system-out><![CDATA[
Scenario: Navigate to Covering Florida Program                # src/test/resources/Features/programs.feature:20
Browser launched before scenario
  Given user opens the homepage for programs                  # StepDefinitions.ProgramsSteps.user_opens_the_homepage_for_programs()
  When user hovers on Programs and clicks "Covering Florida"  # StepDefinitions.ProgramsSteps.user_hovers_on_programs_and_clicks(java.lang.String)
  Then "Covering Florida" program content should be displayed # StepDefinitions.ProgramsSteps.program_content_should_be_displayed(java.lang.String)
Browser closed after the scenario
]]></system-out>
    <system-err><![CDATA[Sep 09, 2025 1:35:26 AM org.openqa.selenium.devtools.CdpVersionFinder findNearestMatch
WARNING: Unable to find an exact match for CDP version 139, returning the closest version; found: 135; Please update to a Selenium version that supports CDP version 139
Sep 09, 2025 1:35:27 AM org.openqa.selenium.devtools.CdpVersionFinder findNearestMatch
WARNING: Unable to find an exact match for CDP version 139, returning the closest version; found: 135; Please update to a Selenium version that supports CDP version 139
]]></system-err>
  </testcase>
</testsuite>