<?xml version="1.0" encoding="UTF-8"?>
<testng-results ignored="0" total="14" passed="14" failed="0" skipped="0">
  <reporter-output>
  </reporter-output>
  <suite started-at="2025-09-09T09:41:29 IST" name="Default suite" finished-at="2025-09-09T09:44:00 IST" duration-ms="151254">
    <groups>
      <group name="cucumber">
        <method signature="AbstractTestNGCucumberTests.runScenario(io.cucumber.testng.PickleWrapper,io.cucumber.testng.FeatureWrapper)[pri:0, instance:TestRunner.MyTestRunner@59402b8f]" name="runScenario" class="io.cucumber.testng.AbstractTestNGCucumberTests"/>
      </group> <!-- cucumber -->
    </groups>
    <test started-at="2025-09-09T09:41:29 IST" name="Default test" finished-at="2025-09-09T09:44:00 IST" duration-ms="151254">
      <class name="TestRunner.MyTestRunner">
        <test-method is-config="true" signature="setUpClass()[pri:0, instance:TestRunner.MyTestRunner@59402b8f]" started-at="2025-09-09T09:41:29 IST" name="setUpClass" finished-at="2025-09-09T09:41:30 IST" duration-ms="1010" status="PASS">
          <reporter-output>
          </reporter-output>
        </test-method> <!-- setUpClass -->
        <test-method signature="runScenario(io.cucumber.testng.PickleWrapper,io.cucumber.testng.FeatureWrapper)[pri:0, instance:TestRunner.MyTestRunner@59402b8f]" started-at="2025-09-09T09:41:30 IST" name="runScenario" description="Runs Cucumber Scenarios" data-provider="scenarios" finished-at="2025-09-09T09:41:41 IST" duration-ms="10414" status="PASS">
          <params>
            <param index="0">
              <value>
                <![CDATA["Verify Contact Us page displays contact information and icons"]]>
              </value>
            </param>
            <param index="1">
              <value>
                <![CDATA["Optional[Validate Contact Us Page]"]]>
              </value>
            </param>
          </params>
          <reporter-output>
          </reporter-output>
        </test-method> <!-- runScenario -->
        <test-method signature="runScenario(io.cucumber.testng.PickleWrapper,io.cucumber.testng.FeatureWrapper)[pri:0, instance:TestRunner.MyTestRunner@59402b8f]" started-at="2025-09-09T09:41:41 IST" name="runScenario" description="Runs Cucumber Scenarios" data-provider="scenarios" finished-at="2025-09-09T09:41:48 IST" duration-ms="7379" status="PASS">
          <params>
            <param index="0">
              <value>
                <![CDATA["Verify Google Maps is embedded on Contact Us page"]]>
              </value>
            </param>
            <param index="1">
              <value>
                <![CDATA["Optional[Validate Contact Us Page]"]]>
              </value>
            </param>
          </params>
          <reporter-output>
          </reporter-output>
        </test-method> <!-- runScenario -->
        <test-method signature="runScenario(io.cucumber.testng.PickleWrapper,io.cucumber.testng.FeatureWrapper)[pri:0, instance:TestRunner.MyTestRunner@59402b8f]" started-at="2025-09-09T09:41:48 IST" name="runScenario" description="Runs Cucumber Scenarios" data-provider="scenarios" finished-at="2025-09-09T09:42:04 IST" duration-ms="16201" status="PASS">
          <params>
            <param index="0">
              <value>
                <![CDATA["Registration attempt with valid credentials"]]>
              </value>
            </param>
            <param index="1">
              <value>
                <![CDATA["Optional[Home page and Account flows]"]]>
              </value>
            </param>
          </params>
          <reporter-output>
          </reporter-output>
        </test-method> <!-- runScenario -->
        <test-method signature="runScenario(io.cucumber.testng.PickleWrapper,io.cucumber.testng.FeatureWrapper)[pri:0, instance:TestRunner.MyTestRunner@59402b8f]" started-at="2025-09-09T09:42:04 IST" name="runScenario" description="Runs Cucumber Scenarios" data-provider="scenarios" finished-at="2025-09-09T09:42:29 IST" duration-ms="24580" status="PASS">
          <params>
            <param index="0">
              <value>
                <![CDATA["Login attempt using previously-registered or fallback credentials"]]>
              </value>
            </param>
            <param index="1">
              <value>
                <![CDATA["Optional[Home page and Account flows]"]]>
              </value>
            </param>
          </params>
          <reporter-output>
          </reporter-output>
        </test-method> <!-- runScenario -->
        <test-method signature="runScenario(io.cucumber.testng.PickleWrapper,io.cucumber.testng.FeatureWrapper)[pri:0, instance:TestRunner.MyTestRunner@59402b8f]" started-at="2025-09-09T09:42:29 IST" name="runScenario" description="Runs Cucumber Scenarios" data-provider="scenarios" finished-at="2025-09-09T09:42:47 IST" duration-ms="18174" status="PASS">
          <params>
            <param index="0">
              <value>
                <![CDATA["Login attempt using previously-registered or fallback credentials"]]>
              </value>
            </param>
            <param index="1">
              <value>
                <![CDATA["Optional[Home page and Account flows]"]]>
              </value>
            </param>
          </params>
          <reporter-output>
          </reporter-output>
        </test-method> <!-- runScenario -->
        <test-method signature="runScenario(io.cucumber.testng.PickleWrapper,io.cucumber.testng.FeatureWrapper)[pri:0, instance:TestRunner.MyTestRunner@59402b8f]" started-at="2025-09-09T09:42:47 IST" name="runScenario" description="Runs Cucumber Scenarios" data-provider="scenarios" finished-at="2025-09-09T09:42:52 IST" duration-ms="5218" status="PASS">
          <params>
            <param index="0">
              <value>
                <![CDATA["Home page basic verification"]]>
              </value>
            </param>
            <param index="1">
              <value>
                <![CDATA["Optional[Home page and Account flows]"]]>
              </value>
            </param>
          </params>
          <reporter-output>
          </reporter-output>
        </test-method> <!-- runScenario -->
        <test-method signature="runScenario(io.cucumber.testng.PickleWrapper,io.cucumber.testng.FeatureWrapper)[pri:0, instance:TestRunner.MyTestRunner@59402b8f]" started-at="2025-09-09T09:42:52 IST" name="runScenario" description="Runs Cucumber Scenarios" data-provider="scenarios" finished-at="2025-09-09T09:42:58 IST" duration-ms="5998" status="PASS">
          <params>
            <param index="0">
              <value>
                <![CDATA["Hovering Programs menu shows sub-links"]]>
              </value>
            </param>
            <param index="1">
              <value>
                <![CDATA["Optional[Home page and Account flows]"]]>
              </value>
            </param>
          </params>
          <reporter-output>
          </reporter-output>
        </test-method> <!-- runScenario -->
        <test-method signature="runScenario(io.cucumber.testng.PickleWrapper,io.cucumber.testng.FeatureWrapper)[pri:0, instance:TestRunner.MyTestRunner@59402b8f]" started-at="2025-09-09T09:42:58 IST" name="runScenario" description="Runs Cucumber Scenarios" data-provider="scenarios" finished-at="2025-09-09T09:43:04 IST" duration-ms="6131" status="PASS">
          <params>
            <param index="0">
              <value>
                <![CDATA["Health programs are listed under Programs"]]>
              </value>
            </param>
            <param index="1">
              <value>
                <![CDATA["Optional[Home page and Account flows]"]]>
              </value>
            </param>
          </params>
          <reporter-output>
          </reporter-output>
        </test-method> <!-- runScenario -->
        <test-method signature="runScenario(io.cucumber.testng.PickleWrapper,io.cucumber.testng.FeatureWrapper)[pri:0, instance:TestRunner.MyTestRunner@59402b8f]" started-at="2025-09-09T09:43:04 IST" name="runScenario" description="Runs Cucumber Scenarios" data-provider="scenarios" finished-at="2025-09-09T09:43:10 IST" duration-ms="5555" status="PASS">
          <params>
            <param index="0">
              <value>
                <![CDATA["At least one expected resource link is present on Home page"]]>
              </value>
            </param>
            <param index="1">
              <value>
                <![CDATA["Optional[Home page and Account flows]"]]>
              </value>
            </param>
          </params>
          <reporter-output>
          </reporter-output>
        </test-method> <!-- runScenario -->
        <test-method signature="runScenario(io.cucumber.testng.PickleWrapper,io.cucumber.testng.FeatureWrapper)[pri:0, instance:TestRunner.MyTestRunner@59402b8f]" started-at="2025-09-09T09:43:10 IST" name="runScenario" description="Runs Cucumber Scenarios" data-provider="scenarios" finished-at="2025-09-09T09:43:18 IST" duration-ms="7711" status="PASS">
          <params>
            <param index="0">
              <value>
                <![CDATA["Search returns results for a query"]]>
              </value>
            </param>
            <param index="1">
              <value>
                <![CDATA["Optional[Home page and Account flows]"]]>
              </value>
            </param>
          </params>
          <reporter-output>
          </reporter-output>
        </test-method> <!-- runScenario -->
        <test-method signature="runScenario(io.cucumber.testng.PickleWrapper,io.cucumber.testng.FeatureWrapper)[pri:0, instance:TestRunner.MyTestRunner@59402b8f]" started-at="2025-09-09T09:43:18 IST" name="runScenario" description="Runs Cucumber Scenarios" data-provider="scenarios" finished-at="2025-09-09T09:43:26 IST" duration-ms="8122" status="PASS">
          <params>
            <param index="0">
              <value>
                <![CDATA["Navigate to Tobacco Program"]]>
              </value>
            </param>
            <param index="1">
              <value>
                <![CDATA["Optional[Verify Health Programs navigation]"]]>
              </value>
            </param>
          </params>
          <reporter-output>
          </reporter-output>
        </test-method> <!-- runScenario -->
        <test-method signature="runScenario(io.cucumber.testng.PickleWrapper,io.cucumber.testng.FeatureWrapper)[pri:0, instance:TestRunner.MyTestRunner@59402b8f]" started-at="2025-09-09T09:43:26 IST" name="runScenario" description="Runs Cucumber Scenarios" data-provider="scenarios" finished-at="2025-09-09T09:43:34 IST" duration-ms="8526" status="PASS">
          <params>
            <param index="0">
              <value>
                <![CDATA["Navigate to AHEC Scholars Program"]]>
              </value>
            </param>
            <param index="1">
              <value>
                <![CDATA["Optional[Verify Health Programs navigation]"]]>
              </value>
            </param>
          </params>
          <reporter-output>
          </reporter-output>
        </test-method> <!-- runScenario -->
        <test-method signature="runScenario(io.cucumber.testng.PickleWrapper,io.cucumber.testng.FeatureWrapper)[pri:0, instance:TestRunner.MyTestRunner@59402b8f]" started-at="2025-09-09T09:43:34 IST" name="runScenario" description="Runs Cucumber Scenarios" data-provider="scenarios" finished-at="2025-09-09T09:43:44 IST" duration-ms="9293" status="PASS">
          <params>
            <param index="0">
              <value>
                <![CDATA["Navigate to Healthy Aging Program"]]>
              </value>
            </param>
            <param index="1">
              <value>
                <![CDATA["Optional[Verify Health Programs navigation]"]]>
              </value>
            </param>
          </params>
          <reporter-output>
          </reporter-output>
        </test-method> <!-- runScenario -->
        <test-method signature="runScenario(io.cucumber.testng.PickleWrapper,io.cucumber.testng.FeatureWrapper)[pri:0, instance:TestRunner.MyTestRunner@59402b8f]" started-at="2025-09-09T09:43:44 IST" name="runScenario" description="Runs Cucumber Scenarios" data-provider="scenarios" finished-at="2025-09-09T09:43:57 IST" duration-ms="13640" status="PASS">
          <params>
            <param index="0">
              <value>
                <![CDATA["Navigate to Covering Florida Program"]]>
              </value>
            </param>
            <param index="1">
              <value>
                <![CDATA["Optional[Verify Health Programs navigation]"]]>
              </value>
            </param>
          </params>
          <reporter-output>
          </reporter-output>
        </test-method> <!-- runScenario -->
        <test-method is-config="true" signature="tearDownClass()[pri:0, instance:TestRunner.MyTestRunner@59402b8f]" started-at="2025-09-09T09:43:57 IST" name="tearDownClass" finished-at="2025-09-09T09:44:00 IST" duration-ms="3160" status="PASS">
          <reporter-output>
          </reporter-output>
        </test-method> <!-- tearDownClass -->
      </class> <!-- TestRunner.MyTestRunner -->
    </test> <!-- Default test -->
  </suite> <!-- Default suite -->
</testng-results>
